20:22:20.068 INFO  manager.ApplicationManager - All tests run in chrome browser
20:22:27.310 INFO  manager.ApplicationManager - Current Url___>https://ilcarro-1578153671498.web.app/search
20:22:27.338 INFO  tests.BaseTests - Started method with name: public void tests.SearchTests.searchCurrentMonth()
20:22:27.340 INFO  manager.MyListener - WebDriver start element --> By.id: city
20:22:27.370 INFO  manager.MyListener - WebDriver found element by locator -->By.id: city
20:22:27.519 INFO  manager.MyListener - WebDriver start element --> By.cssSelector: .pac-item
20:22:28.078 INFO  manager.MyListener - WebDriver found element by locator -->By.cssSelector: .pac-item
20:22:28.616 INFO  manager.MyListener - WebDriver start element --> By.id: dates
20:22:28.637 INFO  manager.MyListener - WebDriver found element by locator -->By.id: dates
20:22:28.748 INFO  manager.MyListener - WebDriver start element --> By.xpath: //div[text()='25']
20:22:33.821 INFO  manager.MyListener - The name of method with error: findElement
20:22:33.825 INFO  manager.MyListener - We have a problem: org.openqa.selenium.NoSuchElementException: no such element: Unable to locate element: {"method":"xpath","selector":"//div[text()='25']"}
  (Session info: chrome=103.0.5060.114)
For documentation on this error, please visit: https://selenium.dev/exceptions/#no_such_element
Build info: version: '4.2.2', revision: '683ccb65d6'
System info: host: 'LAPTOP-S8MI6IBE', ip: '192.168.1.14', os.name: 'Windows 11', os.arch: 'amd64', os.version: '10.0', java.version: '11.0.15.1'
Driver info: org.openqa.selenium.chrome.ChromeDriver
Command: [8e20cc187b0a3aef37bb112a5b95719f, findElement {using=xpath, value=//div[text()='25']}]
Capabilities {acceptInsecureCerts: false, browserName: chrome, browserVersion: 103.0.5060.114, chrome: {chromedriverVersion: 103.0.5060.53 (a1711811edd7..., userDataDir: C:\Users\97254\AppData\Loca...}, goog:chromeOptions: {debuggerAddress: localhost:52154}, networkConnectionEnabled: false, pageLoadStrategy: normal, platformName: WINDOWS, proxy: Proxy(), se:cdp: ws://localhost:52154/devtoo..., se:cdpVersion: 103.0.5060.114, setWindowRect: true, strictFileInteractability: false, timeouts: {implicit: 0, pageLoad: 300000, script: 30000}, unhandledPromptBehavior: dismiss and notify, webauthn:extension:credBlob: true, webauthn:extension:largeBlob: true, webauthn:virtualAuthenticators: true}
Session ID: 8e20cc187b0a3aef37bb112a5b95719f
