14:08:11.826 INFO  manager.ApplicationManager - All tests run in chrome browser
14:08:13.688 INFO  manager.ApplicationManager - Current Url___>https://ilcarro-1578153671498.web.app/search
14:08:13.728 INFO  tests.BaseTests - Started method with name: public void tests.AddNewCar.addCarSuccessCSV(models.Car)
14:08:18.763 INFO  manager.MyListener - WebDriver start element --> By.xpath: //a[text()=' Log in ']
14:08:18.788 INFO  manager.MyListener - WebDriver found element by locator -->By.xpath: //a[text()=' Log in ']
14:08:18.880 INFO  manager.MyListener - WebDriver start element --> By.id: email
14:08:18.900 INFO  manager.MyListener - WebDriver found element by locator -->By.id: email
14:08:19.027 INFO  manager.MyListener - WebDriver start element --> By.id: password
14:08:19.053 INFO  manager.MyListener - WebDriver found element by locator -->By.id: password
14:08:19.139 INFO  manager.MyListener - WebDriver start element --> By.xpath: //button[@type='submit']
14:08:19.165 INFO  manager.MyListener - WebDriver found element by locator -->By.xpath: //button[@type='submit']
14:08:19.219 INFO  manager.MyListener - WebDriver start element --> By.xpath: //button[@type='submit']
14:08:19.237 INFO  manager.MyListener - WebDriver found element by locator -->By.xpath: //button[@type='submit']
14:08:19.796 INFO  manager.MyListener - WebDriver start element --> By.xpath: //button[text()='Ok']
14:08:19.816 INFO  manager.MyListener - WebDriver found element by locator -->By.xpath: //button[text()='Ok']
14:08:19.854 INFO  tests.BaseTests - User: 
14:08:20.888 INFO  manager.MyListener - WebDriver start element --> By.id: 1
14:08:20.916 INFO  manager.MyListener - WebDriver found element by locator -->By.id: 1
14:08:21.003 INFO  manager.MyListener - WebDriver start element --> By.id: pickUpPlace
14:08:21.025 INFO  manager.MyListener - WebDriver found element by locator -->By.id: pickUpPlace
14:08:21.135 INFO  manager.MyListener - WebDriver start element --> By.cssSelector: div.pac-item
14:08:21.527 INFO  manager.MyListener - WebDriver found element by locator -->By.cssSelector: div.pac-item
14:08:22.057 INFO  manager.MyListener - WebDriver start element --> By.id: make
14:08:22.073 INFO  manager.MyListener - WebDriver found element by locator -->By.id: make
14:08:22.165 INFO  manager.MyListener - WebDriver start element --> By.id: model
14:08:22.182 INFO  manager.MyListener - WebDriver found element by locator -->By.id: model
14:08:22.264 INFO  manager.MyListener - WebDriver start element --> By.id: year
14:08:22.279 INFO  manager.MyListener - WebDriver found element by locator -->By.id: year
14:08:22.376 INFO  manager.MyListener - WebDriver start element --> By.id: engine
14:08:22.392 INFO  manager.MyListener - WebDriver found element by locator -->By.id: engine
14:08:22.476 INFO  manager.MyListener - WebDriver start element --> By.id: fuel
14:08:22.496 INFO  manager.MyListener - WebDriver found element by locator -->By.id: fuel
14:08:22.556 INFO  manager.MyListener - WebDriver start element --> By.id: gear
14:08:22.571 INFO  manager.MyListener - WebDriver found element by locator -->By.id: gear
14:08:22.635 INFO  manager.MyListener - WebDriver start element --> By.id: wheelsDrive
14:08:22.653 INFO  manager.MyListener - WebDriver found element by locator -->By.id: wheelsDrive
14:08:22.719 INFO  manager.MyListener - WebDriver start element --> By.id: doors
14:08:22.735 INFO  manager.MyListener - WebDriver found element by locator -->By.id: doors
14:08:22.832 INFO  manager.MyListener - WebDriver start element --> By.id: seats
14:08:22.847 INFO  manager.MyListener - WebDriver found element by locator -->By.id: seats
14:08:22.956 INFO  manager.MyListener - WebDriver start element --> By.id: class
14:08:22.971 INFO  manager.MyListener - WebDriver found element by locator -->By.id: class
14:08:23.059 INFO  manager.MyListener - WebDriver start element --> By.id: fuelConsumption
14:08:23.075 INFO  manager.MyListener - WebDriver found element by locator -->By.id: fuelConsumption
14:08:23.185 INFO  manager.MyListener - WebDriver start element --> By.id: serialNumber
14:08:23.200 INFO  manager.MyListener - WebDriver found element by locator -->By.id: serialNumber
14:08:23.316 INFO  manager.MyListener - WebDriver start element --> By.id: price
14:08:23.336 INFO  manager.MyListener - WebDriver found element by locator -->By.id: price
14:08:23.435 INFO  manager.MyListener - WebDriver start element --> By.id: distance
14:08:23.452 INFO  manager.MyListener - WebDriver found element by locator -->By.id: distance
14:08:23.552 INFO  manager.MyListener - WebDriver start element --> By.cssSelector: input[placeholder='Type feature']
14:08:23.568 INFO  manager.MyListener - WebDriver found element by locator -->By.cssSelector: input[placeholder='Type feature']
14:08:23.653 INFO  manager.MyListener - WebDriver start element --> By.id: about
14:08:23.669 INFO  manager.MyListener - WebDriver found element by locator -->By.id: about
14:08:23.743 INFO  manager.MyListener - WebDriver start element --> By.id: photos
14:08:23.758 INFO  manager.MyListener - WebDriver found element by locator -->By.id: photos
14:08:23.807 INFO  manager.MyListener - WebDriver start element --> By.xpath: //button[@type='submit']
14:08:23.823 INFO  manager.MyListener - WebDriver found element by locator -->By.xpath: //button[@type='submit']
14:08:25.450 INFO  manager.MyListener - WebDriver start element --> By.xpath: //button[@type='submit']
14:08:25.462 INFO  manager.MyListener - WebDriver found element by locator -->By.xpath: //button[@type='submit']
14:08:25.494 INFO  manager.MyListener - WebDriver start element --> By.cssSelector: div.dialog-container
14:08:26.621 INFO  manager.MyListener - WebDriver found element by locator -->By.cssSelector: div.dialog-container
14:08:26.634 INFO  manager.MyListener - WebDriver start element --> By.cssSelector: div.dialog-container h1
14:08:26.650 INFO  manager.MyListener - WebDriver found element by locator -->By.cssSelector: div.dialog-container h1
14:08:26.665 INFO  manager.MyListener - WebDriver start element --> By.xpath: //button[text()='Search cars']
14:08:26.681 INFO  manager.MyListener - WebDriver found element by locator -->By.xpath: //button[text()='Search cars']
14:08:26.714 INFO  tests.BaseTests - Started method with name: public void tests.AddNewCar.addCarSuccessCSV(models.Car)
14:08:27.746 INFO  manager.MyListener - WebDriver start element --> By.id: 1
14:08:27.762 INFO  manager.MyListener - WebDriver found element by locator -->By.id: 1
14:08:27.808 INFO  manager.MyListener - WebDriver start element --> By.id: pickUpPlace
14:08:27.824 INFO  manager.MyListener - WebDriver found element by locator -->By.id: pickUpPlace
14:08:27.918 INFO  manager.MyListener - WebDriver start element --> By.cssSelector: div.pac-item
14:08:28.191 INFO  manager.MyListener - WebDriver found element by locator -->By.cssSelector: div.pac-item
14:08:28.729 INFO  manager.MyListener - WebDriver start element --> By.id: make
14:08:28.744 INFO  manager.MyListener - WebDriver found element by locator -->By.id: make
14:08:28.815 INFO  manager.MyListener - WebDriver start element --> By.id: model
14:08:28.834 INFO  manager.MyListener - WebDriver found element by locator -->By.id: model
14:08:28.924 INFO  manager.MyListener - WebDriver start element --> By.id: year
14:08:28.936 INFO  manager.MyListener - WebDriver found element by locator -->By.id: year
14:08:29.034 INFO  manager.MyListener - WebDriver start element --> By.id: engine
14:08:29.046 INFO  manager.MyListener - WebDriver found element by locator -->By.id: engine
14:08:29.128 INFO  manager.MyListener - WebDriver start element --> By.id: fuel
14:08:29.138 INFO  manager.MyListener - WebDriver found element by locator -->By.id: fuel
14:08:29.195 INFO  manager.MyListener - WebDriver start element --> By.id: gear
14:08:29.207 INFO  manager.MyListener - WebDriver found element by locator -->By.id: gear
14:08:29.262 INFO  manager.MyListener - WebDriver start element --> By.id: wheelsDrive
14:08:29.276 INFO  manager.MyListener - WebDriver found element by locator -->By.id: wheelsDrive
14:08:29.333 INFO  manager.MyListener - WebDriver start element --> By.id: doors
14:08:29.347 INFO  manager.MyListener - WebDriver found element by locator -->By.id: doors
14:08:29.475 INFO  manager.MyListener - WebDriver start element --> By.id: seats
14:08:29.493 INFO  manager.MyListener - WebDriver found element by locator -->By.id: seats
14:08:29.601 INFO  manager.MyListener - WebDriver start element --> By.id: class
14:08:29.614 INFO  manager.MyListener - WebDriver found element by locator -->By.id: class
14:08:29.699 INFO  manager.MyListener - WebDriver start element --> By.id: fuelConsumption
14:08:29.712 INFO  manager.MyListener - WebDriver found element by locator -->By.id: fuelConsumption
14:08:29.814 INFO  manager.MyListener - WebDriver start element --> By.id: serialNumber
14:08:29.828 INFO  manager.MyListener - WebDriver found element by locator -->By.id: serialNumber
14:08:29.935 INFO  manager.MyListener - WebDriver start element --> By.id: price
14:08:29.950 INFO  manager.MyListener - WebDriver found element by locator -->By.id: price
14:08:30.068 INFO  manager.MyListener - WebDriver start element --> By.id: distance
14:08:30.081 INFO  manager.MyListener - WebDriver found element by locator -->By.id: distance
14:08:30.192 INFO  manager.MyListener - WebDriver start element --> By.cssSelector: input[placeholder='Type feature']
14:08:30.204 INFO  manager.MyListener - WebDriver found element by locator -->By.cssSelector: input[placeholder='Type feature']
14:08:30.310 INFO  manager.MyListener - WebDriver start element --> By.id: about
14:08:30.329 INFO  manager.MyListener - WebDriver found element by locator -->By.id: about
14:08:30.428 INFO  manager.MyListener - WebDriver start element --> By.id: photos
14:08:30.445 INFO  manager.MyListener - WebDriver found element by locator -->By.id: photos
14:08:30.471 INFO  manager.MyListener - WebDriver start element --> By.xpath: //button[@type='submit']
14:08:30.483 INFO  manager.MyListener - WebDriver found element by locator -->By.xpath: //button[@type='submit']
14:08:31.598 INFO  manager.MyListener - WebDriver start element --> By.xpath: //button[@type='submit']
14:08:31.614 INFO  manager.MyListener - WebDriver found element by locator -->By.xpath: //button[@type='submit']
14:08:31.658 INFO  manager.MyListener - WebDriver start element --> By.cssSelector: div.dialog-container
14:08:32.720 INFO  manager.MyListener - WebDriver found element by locator -->By.cssSelector: div.dialog-container
14:08:33.247 INFO  manager.MyListener - WebDriver start element --> By.cssSelector: div.dialog-container h1
14:08:33.262 INFO  manager.MyListener - WebDriver found element by locator -->By.cssSelector: div.dialog-container h1
14:08:33.278 INFO  manager.MyListener - WebDriver start element --> By.xpath: //button[text()='Search cars']
14:08:33.278 INFO  manager.MyListener - WebDriver found element by locator -->By.xpath: //button[text()='Search cars']
14:08:33.318 INFO  tests.BaseTests - Started method with name: public void tests.AddNewCar.addCarSuccessCSV(models.Car)
14:08:34.344 INFO  manager.MyListener - WebDriver start element --> By.id: 1
14:08:34.359 INFO  manager.MyListener - WebDriver found element by locator -->By.id: 1
14:08:34.399 INFO  manager.MyListener - WebDriver start element --> By.id: pickUpPlace
14:08:34.412 INFO  manager.MyListener - WebDriver found element by locator -->By.id: pickUpPlace
14:08:34.505 INFO  manager.MyListener - WebDriver start element --> By.cssSelector: div.pac-item
14:08:34.760 INFO  manager.MyListener - WebDriver found element by locator -->By.cssSelector: div.pac-item
14:08:35.301 INFO  manager.MyListener - WebDriver start element --> By.id: make
14:08:35.301 INFO  manager.MyListener - WebDriver found element by locator -->By.id: make
14:08:35.397 INFO  manager.MyListener - WebDriver start element --> By.id: model
14:08:35.410 INFO  manager.MyListener - WebDriver found element by locator -->By.id: model
14:08:35.493 INFO  manager.MyListener - WebDriver start element --> By.id: year
14:08:35.509 INFO  manager.MyListener - WebDriver found element by locator -->By.id: year
14:08:35.612 INFO  manager.MyListener - WebDriver start element --> By.id: engine
14:08:35.626 INFO  manager.MyListener - WebDriver found element by locator -->By.id: engine
14:08:35.716 INFO  manager.MyListener - WebDriver start element --> By.id: fuel
14:08:35.731 INFO  manager.MyListener - WebDriver found element by locator -->By.id: fuel
14:08:35.782 INFO  manager.MyListener - WebDriver start element --> By.id: gear
14:08:35.796 INFO  manager.MyListener - WebDriver found element by locator -->By.id: gear
14:08:35.848 INFO  manager.MyListener - WebDriver start element --> By.id: wheelsDrive
14:08:35.862 INFO  manager.MyListener - WebDriver found element by locator -->By.id: wheelsDrive
14:08:35.915 INFO  manager.MyListener - WebDriver start element --> By.id: doors
14:08:35.928 INFO  manager.MyListener - WebDriver found element by locator -->By.id: doors
14:08:36.020 INFO  manager.MyListener - WebDriver start element --> By.id: seats
14:08:36.029 INFO  manager.MyListener - WebDriver found element by locator -->By.id: seats
14:08:36.132 INFO  manager.MyListener - WebDriver start element --> By.id: class
14:08:36.146 INFO  manager.MyListener - WebDriver found element by locator -->By.id: class
14:08:36.227 INFO  manager.MyListener - WebDriver start element --> By.id: fuelConsumption
14:08:36.241 INFO  manager.MyListener - WebDriver found element by locator -->By.id: fuelConsumption
14:08:36.336 INFO  manager.MyListener - WebDriver start element --> By.id: serialNumber
14:08:36.348 INFO  manager.MyListener - WebDriver found element by locator -->By.id: serialNumber
14:08:36.440 INFO  manager.MyListener - WebDriver start element --> By.id: price
14:08:36.455 INFO  manager.MyListener - WebDriver found element by locator -->By.id: price
14:08:36.547 INFO  manager.MyListener - WebDriver start element --> By.id: distance
14:08:36.562 INFO  manager.MyListener - WebDriver found element by locator -->By.id: distance
14:08:36.662 INFO  manager.MyListener - WebDriver start element --> By.cssSelector: input[placeholder='Type feature']
14:08:36.675 INFO  manager.MyListener - WebDriver found element by locator -->By.cssSelector: input[placeholder='Type feature']
14:08:36.759 INFO  manager.MyListener - WebDriver start element --> By.id: about
14:08:36.769 INFO  manager.MyListener - WebDriver found element by locator -->By.id: about
14:08:36.855 INFO  manager.MyListener - WebDriver start element --> By.id: photos
14:08:36.870 INFO  manager.MyListener - WebDriver found element by locator -->By.id: photos
14:08:36.895 INFO  manager.MyListener - WebDriver start element --> By.xpath: //button[@type='submit']
14:08:36.908 INFO  manager.MyListener - WebDriver found element by locator -->By.xpath: //button[@type='submit']
14:08:37.979 INFO  manager.MyListener - WebDriver start element --> By.xpath: //button[@type='submit']
14:08:37.988 INFO  manager.MyListener - WebDriver found element by locator -->By.xpath: //button[@type='submit']
14:08:38.019 INFO  manager.MyListener - WebDriver start element --> By.cssSelector: div.dialog-container
14:08:39.220 INFO  manager.MyListener - WebDriver found element by locator -->By.cssSelector: div.dialog-container
14:08:39.235 INFO  manager.MyListener - WebDriver start element --> By.cssSelector: div.dialog-container h1
14:08:39.248 INFO  manager.MyListener - WebDriver found element by locator -->By.cssSelector: div.dialog-container h1
14:08:39.261 INFO  manager.MyListener - WebDriver start element --> By.xpath: //button[text()='Search cars']
14:08:39.278 INFO  manager.MyListener - WebDriver found element by locator -->By.xpath: //button[text()='Search cars']
14:08:39.315 INFO  tests.BaseTests - Started method with name: private void tests.AddNewCar.addNewCarSuccess()
14:08:40.341 INFO  manager.MyListener - WebDriver start element --> By.id: 1
14:08:40.356 INFO  manager.MyListener - WebDriver found element by locator -->By.id: 1
14:08:40.405 INFO  manager.MyListener - WebDriver start element --> By.id: pickUpPlace
14:08:40.419 INFO  manager.MyListener - WebDriver found element by locator -->By.id: pickUpPlace
14:08:40.510 INFO  manager.MyListener - WebDriver start element --> By.cssSelector: div.pac-item
14:08:40.779 INFO  manager.MyListener - WebDriver found element by locator -->By.cssSelector: div.pac-item
14:08:41.308 INFO  manager.MyListener - WebDriver start element --> By.id: make
14:08:41.324 INFO  manager.MyListener - WebDriver found element by locator -->By.id: make
14:08:41.411 INFO  manager.MyListener - WebDriver start element --> By.id: model
14:08:41.423 INFO  manager.MyListener - WebDriver found element by locator -->By.id: model
14:08:41.506 INFO  manager.MyListener - WebDriver start element --> By.id: year
14:08:41.518 INFO  manager.MyListener - WebDriver found element by locator -->By.id: year
14:08:41.614 INFO  manager.MyListener - WebDriver start element --> By.id: engine
14:08:41.624 INFO  manager.MyListener - WebDriver found element by locator -->By.id: engine
14:08:41.709 INFO  manager.MyListener - WebDriver start element --> By.id: fuel
14:08:41.721 INFO  manager.MyListener - WebDriver found element by locator -->By.id: fuel
14:08:41.785 INFO  manager.MyListener - WebDriver start element --> By.id: gear
14:08:41.794 INFO  manager.MyListener - WebDriver found element by locator -->By.id: gear
14:08:41.855 INFO  manager.MyListener - WebDriver start element --> By.id: wheelsDrive
14:08:41.873 INFO  manager.MyListener - WebDriver found element by locator -->By.id: wheelsDrive
14:08:41.923 INFO  manager.MyListener - WebDriver start element --> By.id: doors
14:08:41.936 INFO  manager.MyListener - WebDriver found element by locator -->By.id: doors
14:08:42.036 INFO  manager.MyListener - WebDriver start element --> By.id: seats
14:08:42.051 INFO  manager.MyListener - WebDriver found element by locator -->By.id: seats
14:08:42.150 INFO  manager.MyListener - WebDriver start element --> By.id: class
14:08:42.160 INFO  manager.MyListener - WebDriver found element by locator -->By.id: class
14:08:42.245 INFO  manager.MyListener - WebDriver start element --> By.id: fuelConsumption
14:08:42.255 INFO  manager.MyListener - WebDriver found element by locator -->By.id: fuelConsumption
14:08:42.354 INFO  manager.MyListener - WebDriver start element --> By.id: serialNumber
14:08:42.366 INFO  manager.MyListener - WebDriver found element by locator -->By.id: serialNumber
14:08:42.466 INFO  manager.MyListener - WebDriver start element --> By.id: price
14:08:42.476 INFO  manager.MyListener - WebDriver found element by locator -->By.id: price
14:08:42.577 INFO  manager.MyListener - WebDriver start element --> By.id: distance
14:08:42.588 INFO  manager.MyListener - WebDriver found element by locator -->By.id: distance
14:08:42.703 INFO  manager.MyListener - WebDriver start element --> By.cssSelector: input[placeholder='Type feature']
14:08:42.716 INFO  manager.MyListener - WebDriver found element by locator -->By.cssSelector: input[placeholder='Type feature']
14:08:42.792 INFO  manager.MyListener - WebDriver start element --> By.id: about
14:08:42.806 INFO  manager.MyListener - WebDriver found element by locator -->By.id: about
14:08:42.891 INFO  manager.MyListener - WebDriver start element --> By.id: photos
14:08:42.901 INFO  manager.MyListener - WebDriver found element by locator -->By.id: photos
14:08:42.927 INFO  manager.MyListener - WebDriver start element --> By.xpath: //button[@type='submit']
14:08:42.938 INFO  manager.MyListener - WebDriver found element by locator -->By.xpath: //button[@type='submit']
14:08:43.994 INFO  manager.MyListener - WebDriver start element --> By.xpath: //button[@type='submit']
14:08:44.010 INFO  manager.MyListener - WebDriver found element by locator -->By.xpath: //button[@type='submit']
14:08:44.043 INFO  manager.MyListener - WebDriver start element --> By.cssSelector: div.dialog-container
14:08:45.292 INFO  manager.MyListener - WebDriver found element by locator -->By.cssSelector: div.dialog-container
14:08:45.307 INFO  manager.MyListener - WebDriver start element --> By.cssSelector: div.dialog-container h1
14:08:45.321 INFO  manager.MyListener - WebDriver found element by locator -->By.cssSelector: div.dialog-container h1
14:08:45.335 INFO  manager.MyListener - WebDriver start element --> By.xpath: //button[text()='Search cars']
14:08:45.348 INFO  manager.MyListener - WebDriver found element by locator -->By.xpath: //button[text()='Search cars']
14:08:45.380 INFO  tests.BaseTests - Started method with name: public void tests.RegistrationTests.registrationSuccess()
14:08:45.391 INFO  manager.MyListener - WebDriver start element --> By.xpath: //a[text()=' Logout ']
14:08:45.405 INFO  manager.MyListener - WebDriver found element by locator -->By.xpath: //a[text()=' Logout ']
14:08:45.531 INFO  manager.MyListener - WebDriver start element --> By.xpath: //a[text()=' Sign up ']
14:08:45.548 INFO  manager.MyListener - WebDriver found element by locator -->By.xpath: //a[text()=' Sign up ']
14:08:45.591 INFO  manager.MyListener - WebDriver start element --> By.id: name
14:08:45.610 INFO  manager.MyListener - WebDriver found element by locator -->By.id: name
14:08:45.702 INFO  manager.MyListener - WebDriver start element --> By.id: lastName
14:08:45.715 INFO  manager.MyListener - WebDriver found element by locator -->By.id: lastName
14:08:45.802 INFO  manager.MyListener - WebDriver start element --> By.id: email
14:08:45.816 INFO  manager.MyListener - WebDriver found element by locator -->By.id: email
14:08:45.932 INFO  manager.MyListener - WebDriver start element --> By.id: password
14:08:45.946 INFO  manager.MyListener - WebDriver found element by locator -->By.id: password
14:08:46.032 INFO  manager.MyListener - WebDriver start element --> By.cssSelector: label[for='terms-of-use']
14:08:46.046 INFO  manager.MyListener - WebDriver found element by locator -->By.cssSelector: label[for='terms-of-use']
14:08:46.187 INFO  manager.MyListener - WebDriver start element --> By.xpath: //button[@type='submit']
14:08:46.199 INFO  manager.MyListener - WebDriver found element by locator -->By.xpath: //button[@type='submit']
14:08:46.220 INFO  manager.MyListener - WebDriver start element --> By.xpath: //button[@type='submit']
14:08:46.232 INFO  manager.MyListener - WebDriver found element by locator -->By.xpath: //button[@type='submit']
14:08:48.279 INFO  manager.MyListener - WebDriver start element --> By.cssSelector: div.dialog-container
14:08:48.294 INFO  manager.MyListener - WebDriver found element by locator -->By.cssSelector: div.dialog-container
14:08:48.294 INFO  manager.MyListener - WebDriver start element --> By.cssSelector: div.dialog-container h1
14:08:48.310 INFO  manager.MyListener - WebDriver found element by locator -->By.cssSelector: div.dialog-container h1
14:08:48.310 INFO  manager.HelperBase - We get the 'message': Registered
14:08:48.326 INFO  manager.MyListener - WebDriver start element --> By.xpath: //button[text()='Ok']
14:08:48.341 INFO  manager.MyListener - WebDriver found element by locator -->By.xpath: //button[text()='Ok']
14:08:48.373 INFO  tests.BaseTests - Started method with name: public void tests.RegistrationTests.registrationSuccess2(models.User)
14:08:48.384 INFO  manager.MyListener - WebDriver start element --> By.xpath: //a[text()=' Logout ']
14:08:48.396 INFO  manager.MyListener - WebDriver found element by locator -->By.xpath: //a[text()=' Logout ']
14:08:48.505 INFO  manager.MyListener - WebDriver start element --> By.xpath: //a[text()=' Sign up ']
14:08:48.519 INFO  manager.MyListener - WebDriver found element by locator -->By.xpath: //a[text()=' Sign up ']
14:08:48.557 INFO  manager.MyListener - WebDriver start element --> By.id: name
14:08:48.570 INFO  manager.MyListener - WebDriver found element by locator -->By.id: name
14:08:48.654 INFO  manager.MyListener - WebDriver start element --> By.id: lastName
14:08:48.668 INFO  manager.MyListener - WebDriver found element by locator -->By.id: lastName
14:08:48.750 INFO  manager.MyListener - WebDriver start element --> By.id: email
14:08:48.761 INFO  manager.MyListener - WebDriver found element by locator -->By.id: email
14:08:48.870 INFO  manager.MyListener - WebDriver start element --> By.id: password
14:08:48.883 INFO  manager.MyListener - WebDriver found element by locator -->By.id: password
14:08:48.970 INFO  manager.MyListener - WebDriver start element --> By.cssSelector: label[for='terms-of-use']
14:08:48.982 INFO  manager.MyListener - WebDriver found element by locator -->By.cssSelector: label[for='terms-of-use']
14:08:49.135 INFO  manager.MyListener - WebDriver start element --> By.xpath: //button[@type='submit']
14:08:49.151 INFO  manager.MyListener - WebDriver found element by locator -->By.xpath: //button[@type='submit']
14:08:49.178 INFO  manager.MyListener - WebDriver start element --> By.xpath: //button[@type='submit']
14:08:49.187 INFO  manager.MyListener - WebDriver found element by locator -->By.xpath: //button[@type='submit']
14:08:51.239 INFO  manager.MyListener - WebDriver start element --> By.cssSelector: div.dialog-container
14:08:51.254 INFO  manager.MyListener - WebDriver found element by locator -->By.cssSelector: div.dialog-container
14:08:51.254 INFO  manager.MyListener - WebDriver start element --> By.cssSelector: div.dialog-container h1
14:08:51.270 INFO  manager.MyListener - WebDriver found element by locator -->By.cssSelector: div.dialog-container h1
14:08:51.270 INFO  manager.HelperBase - We get the 'message': Registered
14:08:51.285 INFO  manager.MyListener - WebDriver start element --> By.xpath: //button[text()='Ok']
14:08:51.285 INFO  manager.MyListener - WebDriver found element by locator -->By.xpath: //button[text()='Ok']
14:08:51.333 INFO  tests.BaseTests - Started method with name: public void tests.RegistrationTests.registrationSuccess2(models.User)
14:08:51.347 INFO  manager.MyListener - WebDriver start element --> By.xpath: //a[text()=' Logout ']
14:08:51.357 INFO  manager.MyListener - WebDriver found element by locator -->By.xpath: //a[text()=' Logout ']
14:08:51.489 INFO  manager.MyListener - WebDriver start element --> By.xpath: //a[text()=' Sign up ']
14:08:51.501 INFO  manager.MyListener - WebDriver found element by locator -->By.xpath: //a[text()=' Sign up ']
14:08:51.539 INFO  manager.MyListener - WebDriver start element --> By.id: name
14:08:51.552 INFO  manager.MyListener - WebDriver found element by locator -->By.id: name
14:08:51.643 INFO  manager.MyListener - WebDriver start element --> By.id: lastName
14:08:51.656 INFO  manager.MyListener - WebDriver found element by locator -->By.id: lastName
14:08:51.743 INFO  manager.MyListener - WebDriver start element --> By.id: email
14:08:51.753 INFO  manager.MyListener - WebDriver found element by locator -->By.id: email
14:08:51.860 INFO  manager.MyListener - WebDriver start element --> By.id: password
14:08:51.868 INFO  manager.MyListener - WebDriver found element by locator -->By.id: password
14:08:51.961 INFO  manager.MyListener - WebDriver start element --> By.cssSelector: label[for='terms-of-use']
14:08:51.970 INFO  manager.MyListener - WebDriver found element by locator -->By.cssSelector: label[for='terms-of-use']
14:08:52.114 INFO  manager.MyListener - WebDriver start element --> By.xpath: //button[@type='submit']
14:08:52.126 INFO  manager.MyListener - WebDriver found element by locator -->By.xpath: //button[@type='submit']
14:08:52.147 INFO  manager.MyListener - WebDriver start element --> By.xpath: //button[@type='submit']
14:08:52.160 INFO  manager.MyListener - WebDriver found element by locator -->By.xpath: //button[@type='submit']
14:08:54.202 INFO  manager.MyListener - WebDriver start element --> By.cssSelector: div.dialog-container
14:08:54.218 INFO  manager.MyListener - WebDriver found element by locator -->By.cssSelector: div.dialog-container
14:08:54.218 INFO  manager.MyListener - WebDriver start element --> By.cssSelector: div.dialog-container h1
14:08:54.233 INFO  manager.MyListener - WebDriver found element by locator -->By.cssSelector: div.dialog-container h1
14:08:54.240 INFO  manager.HelperBase - We get the 'message': Registered
14:08:54.249 INFO  manager.MyListener - WebDriver start element --> By.xpath: //button[text()='Ok']
14:08:54.249 INFO  manager.MyListener - WebDriver found element by locator -->By.xpath: //button[text()='Ok']
14:08:54.289 INFO  tests.BaseTests - Started method with name: public void tests.RegistrationTests.registrationSuccess2(models.User)
14:08:54.300 INFO  manager.MyListener - WebDriver start element --> By.xpath: //a[text()=' Logout ']
14:08:54.311 INFO  manager.MyListener - WebDriver found element by locator -->By.xpath: //a[text()=' Logout ']
14:08:54.429 INFO  manager.MyListener - WebDriver start element --> By.xpath: //a[text()=' Sign up ']
14:08:54.442 INFO  manager.MyListener - WebDriver found element by locator -->By.xpath: //a[text()=' Sign up ']
14:08:54.482 INFO  manager.MyListener - WebDriver start element --> By.id: name
14:08:54.495 INFO  manager.MyListener - WebDriver found element by locator -->By.id: name
14:08:54.593 INFO  manager.MyListener - WebDriver start element --> By.id: lastName
14:08:54.602 INFO  manager.MyListener - WebDriver found element by locator -->By.id: lastName
14:08:54.694 INFO  manager.MyListener - WebDriver start element --> By.id: email
14:08:54.713 INFO  manager.MyListener - WebDriver found element by locator -->By.id: email
14:08:54.830 INFO  manager.MyListener - WebDriver start element --> By.id: password
14:08:54.841 INFO  manager.MyListener - WebDriver found element by locator -->By.id: password
14:08:54.933 INFO  manager.MyListener - WebDriver start element --> By.cssSelector: label[for='terms-of-use']
14:08:54.944 INFO  manager.MyListener - WebDriver found element by locator -->By.cssSelector: label[for='terms-of-use']
14:08:55.091 INFO  manager.MyListener - WebDriver start element --> By.xpath: //button[@type='submit']
14:08:55.100 INFO  manager.MyListener - WebDriver found element by locator -->By.xpath: //button[@type='submit']
14:08:55.122 INFO  manager.MyListener - WebDriver start element --> By.xpath: //button[@type='submit']
14:08:55.132 INFO  manager.MyListener - WebDriver found element by locator -->By.xpath: //button[@type='submit']
14:08:57.164 INFO  manager.MyListener - WebDriver start element --> By.cssSelector: div.dialog-container
14:08:57.179 INFO  manager.MyListener - WebDriver found element by locator -->By.cssSelector: div.dialog-container
14:08:57.179 INFO  manager.MyListener - WebDriver start element --> By.cssSelector: div.dialog-container h1
14:08:57.195 INFO  manager.MyListener - WebDriver found element by locator -->By.cssSelector: div.dialog-container h1
14:08:57.211 INFO  manager.HelperBase - We get the 'message': Registered
14:08:57.211 INFO  manager.MyListener - WebDriver start element --> By.xpath: //button[text()='Ok']
14:08:57.226 INFO  manager.MyListener - WebDriver found element by locator -->By.xpath: //button[text()='Ok']
14:08:57.257 INFO  tests.BaseTests - Started method with name: public void tests.RegistrationTests.registrationWrongPasswordFormat()
14:08:57.270 INFO  manager.MyListener - WebDriver start element --> By.xpath: //a[text()=' Logout ']
14:08:57.279 INFO  manager.MyListener - WebDriver found element by locator -->By.xpath: //a[text()=' Logout ']
14:08:57.398 INFO  manager.MyListener - WebDriver start element --> By.xpath: //a[text()=' Sign up ']
14:08:57.412 INFO  manager.MyListener - WebDriver found element by locator -->By.xpath: //a[text()=' Sign up ']
14:08:57.457 INFO  manager.MyListener - WebDriver start element --> By.id: name
14:08:57.469 INFO  manager.MyListener - WebDriver found element by locator -->By.id: name
14:08:57.577 INFO  manager.MyListener - WebDriver start element --> By.id: lastName
14:08:57.591 INFO  manager.MyListener - WebDriver found element by locator -->By.id: lastName
14:08:57.671 INFO  manager.MyListener - WebDriver start element --> By.id: email
14:08:57.690 INFO  manager.MyListener - WebDriver found element by locator -->By.id: email
14:08:57.796 INFO  manager.MyListener - WebDriver start element --> By.id: password
14:08:57.807 INFO  manager.MyListener - WebDriver found element by locator -->By.id: password
14:08:57.892 INFO  manager.MyListener - WebDriver start element --> By.cssSelector: label[for='terms-of-use']
14:08:57.906 INFO  manager.MyListener - WebDriver found element by locator -->By.cssSelector: label[for='terms-of-use']
14:08:58.060 INFO  manager.MyListener - WebDriver start element --> By.cssSelector: div.error div:last-child
14:08:58.086 INFO  manager.MyListener - WebDriver found element by locator -->By.cssSelector: div.error div:last-child
14:08:58.105 INFO  manager.MyListener - WebDriver start element --> By.cssSelector: div.error div:first-child
14:08:58.124 INFO  manager.MyListener - WebDriver found element by locator -->By.cssSelector: div.error div:first-child
14:08:58.161 INFO  manager.MyListener - WebDriver start element --> By.cssSelector: [type=submit]
14:08:58.173 INFO  manager.MyListener - WebDriver found element by locator -->By.cssSelector: [type=submit]
14:09:03.199 INFO  tests.BaseTests - Started method with name: public void tests.SearchTests.searchAnyPeriod()
14:09:03.199 INFO  manager.MyListener - WebDriver start element --> By.id: 0
14:09:03.215 INFO  manager.MyListener - WebDriver found element by locator -->By.id: 0
14:09:03.257 INFO  manager.MyListener - WebDriver start element --> By.id: city
14:09:03.272 INFO  manager.MyListener - WebDriver found element by locator -->By.id: city
14:09:03.855 INFO  manager.MyListener - WebDriver start element --> By.cssSelector: .pac-item
14:09:03.871 INFO  manager.MyListener - WebDriver found element by locator -->By.cssSelector: .pac-item
14:09:03.910 INFO  manager.MyListener - WebDriver start element --> By.id: city
14:09:03.919 INFO  manager.MyListener - WebDriver found element by locator -->By.id: city
14:09:03.953 INFO  manager.MyListener - WebDriver start element --> By.id: dates
14:09:03.970 INFO  manager.MyListener - WebDriver found element by locator -->By.id: dates
14:09:03.992 INFO  manager.MyListener - WebDriver start element --> By.id: dates
14:09:04.004 INFO  manager.MyListener - WebDriver found element by locator -->By.id: dates
14:09:04.075 INFO  manager.MyListener - WebDriver start element --> By.xpath: //button[@aria-label='Next month']
14:09:04.091 INFO  manager.MyListener - WebDriver found element by locator -->By.xpath: //button[@aria-label='Next month']
14:09:04.148 INFO  manager.MyListener - WebDriver start element --> By.xpath: //button[@aria-label='Next month']
14:09:04.158 INFO  manager.MyListener - WebDriver found element by locator -->By.xpath: //button[@aria-label='Next month']
14:09:04.197 INFO  manager.MyListener - WebDriver start element --> By.xpath: //button[@aria-label='Next month']
14:09:04.207 INFO  manager.MyListener - WebDriver found element by locator -->By.xpath: //button[@aria-label='Next month']
14:09:04.244 INFO  manager.MyListener - WebDriver start element --> By.xpath: //button[@aria-label='Next month']
14:09:04.255 INFO  manager.MyListener - WebDriver found element by locator -->By.xpath: //button[@aria-label='Next month']
14:09:04.291 INFO  manager.MyListener - WebDriver start element --> By.xpath: //button[@aria-label='Next month']
14:09:04.301 INFO  manager.MyListener - WebDriver found element by locator -->By.xpath: //button[@aria-label='Next month']
14:09:04.333 INFO  manager.MyListener - WebDriver start element --> By.xpath: //button[@aria-label='Next month']
14:09:04.343 INFO  manager.MyListener - WebDriver found element by locator -->By.xpath: //button[@aria-label='Next month']
14:09:04.378 INFO  manager.MyListener - WebDriver start element --> By.xpath: //div[text() = ' 10 ']
14:09:04.391 INFO  manager.MyListener - WebDriver found element by locator -->By.xpath: //div[text() = ' 10 ']
14:09:04.433 INFO  manager.MyListener - WebDriver start element --> By.xpath: //button[@aria-label='Next month']
14:09:04.444 INFO  manager.MyListener - WebDriver found element by locator -->By.xpath: //button[@aria-label='Next month']
14:09:04.480 INFO  manager.MyListener - WebDriver start element --> By.xpath: //button[@aria-label='Next month']
14:09:04.490 INFO  manager.MyListener - WebDriver found element by locator -->By.xpath: //button[@aria-label='Next month']
14:09:04.525 INFO  manager.MyListener - WebDriver start element --> By.xpath: //button[@aria-label='Next month']
14:09:04.537 INFO  manager.MyListener - WebDriver found element by locator -->By.xpath: //button[@aria-label='Next month']
14:09:04.570 INFO  manager.MyListener - WebDriver start element --> By.xpath: //div[text() = ' 20 ']
14:09:04.585 INFO  manager.MyListener - WebDriver found element by locator -->By.xpath: //div[text() = ' 20 ']
14:09:04.643 INFO  manager.MyListener - WebDriver start element --> By.xpath: //button[@type='submit']
14:09:04.656 INFO  manager.MyListener - WebDriver found element by locator -->By.xpath: //button[@type='submit']
14:09:04.691 INFO  manager.MyListener - WebDriver start element --> By.xpath: //button[@type='submit']
14:09:04.718 INFO  manager.MyListener - WebDriver found element by locator -->By.xpath: //button[@type='submit']
14:09:07.097 INFO  manager.MyListener - WebDriver start element --> By.id: 0
14:09:07.112 INFO  manager.MyListener - WebDriver found element by locator -->By.id: 0
14:09:07.151 INFO  tests.BaseTests - Started method with name: public void tests.SearchTests.searchCurrentMonth()
14:09:07.151 INFO  manager.MyListener - WebDriver start element --> By.id: 0
14:09:07.165 INFO  manager.MyListener - WebDriver found element by locator -->By.id: 0
14:09:07.188 INFO  manager.MyListener - WebDriver start element --> By.id: city
14:09:07.198 INFO  manager.MyListener - WebDriver found element by locator -->By.id: city
14:09:07.802 INFO  manager.MyListener - WebDriver start element --> By.cssSelector: .pac-item
14:09:07.817 INFO  manager.MyListener - WebDriver found element by locator -->By.cssSelector: .pac-item
14:09:07.873 INFO  manager.MyListener - WebDriver start element --> By.id: city
14:09:07.883 INFO  manager.MyListener - WebDriver found element by locator -->By.id: city
14:09:07.912 INFO  manager.MyListener - WebDriver start element --> By.id: dates
14:09:07.924 INFO  manager.MyListener - WebDriver found element by locator -->By.id: dates
14:09:07.946 INFO  manager.MyListener - WebDriver start element --> By.id: dates
14:09:07.954 INFO  manager.MyListener - WebDriver found element by locator -->By.id: dates
14:09:08.000 INFO  manager.MyListener - WebDriver start element --> By.xpath: //div[text()=' 28 ']
14:09:08.013 INFO  manager.MyListener - WebDriver found element by locator -->By.xpath: //div[text()=' 28 ']
14:09:08.051 INFO  manager.MyListener - WebDriver start element --> By.xpath: //div[text()=' 27 ']
14:09:08.064 INFO  manager.MyListener - WebDriver found element by locator -->By.xpath: //div[text()=' 27 ']
14:09:08.111 INFO  manager.MyListener - WebDriver start element --> By.xpath: //button[@type='submit']
14:09:08.121 INFO  manager.MyListener - WebDriver found element by locator -->By.xpath: //button[@type='submit']
14:09:08.139 INFO  manager.MyListener - WebDriver start element --> By.xpath: //button[@type='submit']
14:09:08.150 INFO  manager.MyListener - WebDriver found element by locator -->By.xpath: //button[@type='submit']
14:09:10.164 INFO  manager.MyListener - WebDriver start element --> By.id: 0
14:09:10.182 INFO  manager.MyListener - WebDriver found element by locator -->By.id: 0
14:09:10.215 INFO  tests.BaseTests - Started method with name: public void tests.SearchTests.searchCurrentYear()
14:09:10.216 INFO  manager.MyListener - WebDriver start element --> By.id: 0
14:09:10.229 INFO  manager.MyListener - WebDriver found element by locator -->By.id: 0
14:09:10.249 INFO  manager.MyListener - WebDriver start element --> By.id: city
14:09:10.258 INFO  manager.MyListener - WebDriver found element by locator -->By.id: city
14:09:10.880 INFO  manager.MyListener - WebDriver start element --> By.cssSelector: .pac-item
14:09:10.896 INFO  manager.MyListener - WebDriver found element by locator -->By.cssSelector: .pac-item
14:09:10.923 INFO  manager.MyListener - WebDriver start element --> By.id: city
14:09:10.934 INFO  manager.MyListener - WebDriver found element by locator -->By.id: city
14:09:10.961 INFO  manager.MyListener - WebDriver start element --> By.id: dates
14:09:10.971 INFO  manager.MyListener - WebDriver found element by locator -->By.id: dates
14:09:10.993 INFO  manager.MyListener - WebDriver start element --> By.id: dates
14:09:11.004 INFO  manager.MyListener - WebDriver found element by locator -->By.id: dates
14:09:11.047 INFO  manager.MyListener - WebDriver start element --> By.xpath: //button[@aria-label='Next month']
14:09:11.065 INFO  manager.MyListener - WebDriver found element by locator -->By.xpath: //button[@aria-label='Next month']
14:09:11.116 INFO  manager.MyListener - WebDriver start element --> By.xpath: //div[text()=' 10 ']
14:09:11.131 INFO  manager.MyListener - WebDriver found element by locator -->By.xpath: //div[text()=' 10 ']
14:09:11.169 INFO  manager.MyListener - WebDriver start element --> By.xpath: //button[@aria-label='Next month']
14:09:11.179 INFO  manager.MyListener - WebDriver found element by locator -->By.xpath: //button[@aria-label='Next month']
14:09:11.215 INFO  manager.MyListener - WebDriver start element --> By.xpath: //button[@aria-label='Next month']
14:09:11.228 INFO  manager.MyListener - WebDriver found element by locator -->By.xpath: //button[@aria-label='Next month']
14:09:11.259 INFO  manager.MyListener - WebDriver start element --> By.xpath: //div[text()=' 20 ']
14:09:11.272 INFO  manager.MyListener - WebDriver found element by locator -->By.xpath: //div[text()=' 20 ']
14:09:11.314 INFO  manager.MyListener - WebDriver start element --> By.xpath: //button[@type='submit']
14:09:11.328 INFO  manager.MyListener - WebDriver found element by locator -->By.xpath: //button[@type='submit']
14:09:11.428 INFO  manager.MyListener - WebDriver start element --> By.xpath: //button[@type='submit']
14:09:11.437 INFO  manager.MyListener - WebDriver found element by locator -->By.xpath: //button[@type='submit']
14:09:13.355 INFO  manager.MyListener - WebDriver start element --> By.id: 0
14:09:13.370 INFO  manager.MyListener - WebDriver found element by locator -->By.id: 0
14:09:13.408 INFO  tests.BaseTests - Started method with name: public void tests.SearchTests.searchCurrentYearLocalDate()
14:09:13.408 INFO  manager.MyListener - WebDriver start element --> By.id: 0
14:09:13.420 INFO  manager.MyListener - WebDriver found element by locator -->By.id: 0
14:09:13.444 INFO  manager.MyListener - WebDriver start element --> By.id: city
14:09:13.452 INFO  manager.MyListener - WebDriver found element by locator -->By.id: city
14:09:14.063 INFO  manager.MyListener - WebDriver start element --> By.cssSelector: .pac-item
14:09:14.078 INFO  manager.MyListener - WebDriver found element by locator -->By.cssSelector: .pac-item
14:09:14.100 INFO  manager.MyListener - WebDriver start element --> By.id: dates
14:09:14.116 INFO  manager.MyListener - WebDriver found element by locator -->By.id: dates
14:09:14.168 INFO  manager.MyListener - WebDriver start element --> By.id: dates
14:09:14.177 INFO  manager.MyListener - WebDriver found element by locator -->By.id: dates
14:09:14.216 INFO  manager.MyListener - WebDriver start element --> By.xpath: //button[@aria-label='Next month']
14:09:14.228 INFO  manager.MyListener - WebDriver found element by locator -->By.xpath: //button[@aria-label='Next month']
14:09:14.275 INFO  manager.MyListener - WebDriver start element --> By.xpath: //div[text()=' 10 ']
14:09:14.298 INFO  manager.MyListener - WebDriver found element by locator -->By.xpath: //div[text()=' 10 ']
14:09:14.335 INFO  manager.MyListener - WebDriver start element --> By.xpath: //button[@aria-label='Next month']
14:09:14.345 INFO  manager.MyListener - WebDriver found element by locator -->By.xpath: //button[@aria-label='Next month']
14:09:14.380 INFO  manager.MyListener - WebDriver start element --> By.xpath: //button[@aria-label='Next month']
14:09:14.391 INFO  manager.MyListener - WebDriver found element by locator -->By.xpath: //button[@aria-label='Next month']
14:09:14.423 INFO  manager.MyListener - WebDriver start element --> By.xpath: //div[text()=' 20 ']
14:09:14.432 INFO  manager.MyListener - WebDriver found element by locator -->By.xpath: //div[text()=' 20 ']
14:09:14.473 INFO  manager.MyListener - WebDriver start element --> By.xpath: //button[@type='submit']
14:09:14.482 INFO  manager.MyListener - WebDriver found element by locator -->By.xpath: //button[@type='submit']
14:09:14.499 INFO  manager.MyListener - WebDriver start element --> By.xpath: //button[@type='submit']
14:09:14.511 INFO  manager.MyListener - WebDriver found element by locator -->By.xpath: //button[@type='submit']
14:09:16.508 INFO  manager.MyListener - WebDriver start element --> By.id: 0
14:09:16.524 INFO  manager.MyListener - WebDriver found element by locator -->By.id: 0
14:09:16.559 INFO  tests.BaseTests - Started method with name: public void tests.SearchTests.searchPeriodPast()
14:09:16.560 INFO  manager.MyListener - WebDriver start element --> By.id: 0
14:09:16.573 INFO  manager.MyListener - WebDriver found element by locator -->By.id: 0
14:09:16.597 INFO  manager.MyListener - WebDriver start element --> By.id: city
14:09:16.608 INFO  manager.MyListener - WebDriver found element by locator -->By.id: city
14:09:17.210 INFO  manager.MyListener - WebDriver start element --> By.cssSelector: .pac-item
14:09:17.210 INFO  manager.MyListener - WebDriver found element by locator -->By.cssSelector: .pac-item
14:09:17.246 INFO  manager.MyListener - WebDriver start element --> By.id: city
14:09:17.254 INFO  manager.MyListener - WebDriver found element by locator -->By.id: city
14:09:17.282 INFO  manager.MyListener - WebDriver start element --> By.id: dates
14:09:17.292 INFO  manager.MyListener - WebDriver found element by locator -->By.id: dates
14:09:17.313 INFO  manager.MyListener - WebDriver start element --> By.id: dates
14:09:17.323 INFO  manager.MyListener - WebDriver found element by locator -->By.id: dates
14:09:17.438 INFO  manager.MyListener - WebDriver start element --> By.cssSelector: .cdk-overlay-container
14:09:17.451 INFO  manager.MyListener - WebDriver found element by locator -->By.cssSelector: .cdk-overlay-container
14:09:17.488 INFO  manager.MyListener - WebDriver start element --> By.cssSelector: div[class='ng-star-inserted']
14:09:17.502 INFO  manager.MyListener - WebDriver found element by locator -->By.cssSelector: div[class='ng-star-inserted']
14:09:17.526 INFO  manager.MyListener - WebDriver start element --> By.cssSelector: [type=submit]
14:09:17.538 INFO  manager.MyListener - WebDriver found element by locator -->By.cssSelector: [type=submit]
14:09:18.553 INFO  manager.MyListener - WebDriver start element --> By.id: 0
14:09:18.571 INFO  manager.MyListener - WebDriver found element by locator -->By.id: 0
14:09:18.593 INFO  tests.BaseTests - Started method with name: public void tests.TestsLogin.loginSuccess(java.lang.String,java.lang.String)
14:09:23.643 INFO  tests.BaseTests - Test start with email: katermax07@mail.ru and password:Rr020985$
14:09:23.643 INFO  manager.MyListener - WebDriver start element --> By.xpath: //a[text()=' Log in ']
14:09:23.659 INFO  manager.MyListener - WebDriver found element by locator -->By.xpath: //a[text()=' Log in ']
14:09:23.707 INFO  manager.MyListener - WebDriver start element --> By.xpath: //input[@id='email']
14:09:23.720 INFO  manager.MyListener - WebDriver found element by locator -->By.xpath: //input[@id='email']
14:09:24.278 INFO  manager.MyListener - WebDriver start element --> By.xpath: //input[@id='password']
14:09:24.290 INFO  manager.MyListener - WebDriver found element by locator -->By.xpath: //input[@id='password']
14:09:24.801 INFO  manager.MyListener - WebDriver start element --> By.xpath: //button[@type='submit']
14:09:24.801 INFO  manager.MyListener - WebDriver found element by locator -->By.xpath: //button[@type='submit']
14:09:24.825 INFO  manager.MyListener - WebDriver start element --> By.xpath: //button[@type='submit']
14:09:24.833 INFO  manager.MyListener - WebDriver found element by locator -->By.xpath: //button[@type='submit']
14:09:26.875 INFO  manager.MyListener - WebDriver start element --> By.cssSelector: div.dialog-container
14:09:26.875 INFO  manager.MyListener - WebDriver found element by locator -->By.cssSelector: div.dialog-container
14:09:26.890 INFO  manager.MyListener - WebDriver start element --> By.cssSelector: div.dialog-container h1
14:09:26.906 INFO  manager.MyListener - WebDriver found element by locator -->By.cssSelector: div.dialog-container h1
14:09:26.906 INFO  manager.HelperBase - We get the 'message': Logged in
14:09:26.906 INFO  tests.BaseTests - Test passed
14:09:26.922 INFO  manager.MyListener - WebDriver start element --> By.xpath: //button[text()='Ok']
14:09:26.938 INFO  manager.MyListener - WebDriver found element by locator -->By.xpath: //button[text()='Ok']
14:09:26.965 INFO  tests.BaseTests - Started method with name: public void tests.TestsLogin.loginSuccess(java.lang.String,java.lang.String)
14:09:26.979 INFO  manager.MyListener - WebDriver start element --> By.xpath: //a[text()=' Logout ']
14:09:26.990 INFO  manager.MyListener - WebDriver found element by locator -->By.xpath: //a[text()=' Logout ']
14:09:27.040 INFO  tests.BaseTests - Test start with logout
14:09:27.042 INFO  tests.BaseTests - Test start with email: monalisa1@gmail.com and password:020985$Max
14:09:27.044 INFO  manager.MyListener - WebDriver start element --> By.xpath: //a[text()=' Log in ']
14:09:27.064 INFO  manager.MyListener - WebDriver found element by locator -->By.xpath: //a[text()=' Log in ']
14:09:27.113 INFO  manager.MyListener - WebDriver start element --> By.xpath: //input[@id='email']
14:09:27.127 INFO  manager.MyListener - WebDriver found element by locator -->By.xpath: //input[@id='email']
14:09:27.686 INFO  manager.MyListener - WebDriver start element --> By.xpath: //input[@id='password']
14:09:27.696 INFO  manager.MyListener - WebDriver found element by locator -->By.xpath: //input[@id='password']
14:09:28.215 INFO  manager.MyListener - WebDriver start element --> By.xpath: //button[@type='submit']
14:09:28.235 INFO  manager.MyListener - WebDriver found element by locator -->By.xpath: //button[@type='submit']
14:09:28.247 INFO  manager.MyListener - WebDriver start element --> By.xpath: //button[@type='submit']
14:09:28.263 INFO  manager.MyListener - WebDriver found element by locator -->By.xpath: //button[@type='submit']
14:09:30.303 INFO  manager.MyListener - WebDriver start element --> By.cssSelector: div.dialog-container
14:09:30.319 INFO  manager.MyListener - WebDriver found element by locator -->By.cssSelector: div.dialog-container
14:09:30.319 INFO  manager.MyListener - WebDriver start element --> By.cssSelector: div.dialog-container h1
14:09:30.334 INFO  manager.MyListener - WebDriver found element by locator -->By.cssSelector: div.dialog-container h1
14:09:30.340 INFO  manager.HelperBase - We get the 'message': Logged in
14:09:30.340 INFO  tests.BaseTests - Test passed
14:09:30.350 INFO  manager.MyListener - WebDriver start element --> By.xpath: //button[text()='Ok']
14:09:30.366 INFO  manager.MyListener - WebDriver found element by locator -->By.xpath: //button[text()='Ok']
14:09:30.382 INFO  tests.BaseTests - Started method with name: public void tests.TestsLogin.loginSuccess(java.lang.String,java.lang.String)
14:09:30.397 INFO  manager.MyListener - WebDriver start element --> By.xpath: //a[text()=' Logout ']
14:09:30.409 INFO  manager.MyListener - WebDriver found element by locator -->By.xpath: //a[text()=' Logout ']
14:09:30.452 INFO  tests.BaseTests - Test start with logout
14:09:30.453 INFO  tests.BaseTests - Test start with email: monalisa3@gmail.com and password:020985$Max
14:09:30.453 INFO  manager.MyListener - WebDriver start element --> By.xpath: //a[text()=' Log in ']
14:09:30.465 INFO  manager.MyListener - WebDriver found element by locator -->By.xpath: //a[text()=' Log in ']
14:09:30.518 INFO  manager.MyListener - WebDriver start element --> By.xpath: //input[@id='email']
14:09:30.530 INFO  manager.MyListener - WebDriver found element by locator -->By.xpath: //input[@id='email']
14:09:31.075 INFO  manager.MyListener - WebDriver start element --> By.xpath: //input[@id='password']
14:09:31.084 INFO  manager.MyListener - WebDriver found element by locator -->By.xpath: //input[@id='password']
14:09:31.580 INFO  manager.MyListener - WebDriver start element --> By.xpath: //button[@type='submit']
14:09:31.596 INFO  manager.MyListener - WebDriver found element by locator -->By.xpath: //button[@type='submit']
14:09:31.611 INFO  manager.MyListener - WebDriver start element --> By.xpath: //button[@type='submit']
14:09:31.611 INFO  manager.MyListener - WebDriver found element by locator -->By.xpath: //button[@type='submit']
14:09:33.667 INFO  manager.MyListener - WebDriver start element --> By.cssSelector: div.dialog-container
14:09:33.667 INFO  manager.MyListener - WebDriver found element by locator -->By.cssSelector: div.dialog-container
14:09:33.682 INFO  manager.MyListener - WebDriver start element --> By.cssSelector: div.dialog-container h1
14:09:33.682 INFO  manager.MyListener - WebDriver found element by locator -->By.cssSelector: div.dialog-container h1
14:09:33.698 INFO  manager.HelperBase - We get the 'message': Logged in
14:09:33.698 INFO  tests.BaseTests - Test passed
14:09:33.713 INFO  manager.MyListener - WebDriver start element --> By.xpath: //button[text()='Ok']
14:09:33.713 INFO  manager.MyListener - WebDriver found element by locator -->By.xpath: //button[text()='Ok']
14:09:33.760 INFO  tests.BaseTests - Started method with name: public void tests.TestsLogin.loginSuccess2()
14:09:33.771 INFO  manager.MyListener - WebDriver start element --> By.xpath: //a[text()=' Logout ']
14:09:33.780 INFO  manager.MyListener - WebDriver found element by locator -->By.xpath: //a[text()=' Logout ']
14:09:33.828 INFO  tests.BaseTests - Test start with logout
14:09:33.828 INFO  manager.MyListener - WebDriver start element --> By.xpath: //a[text()=' Log in ']
14:09:33.840 INFO  manager.MyListener - WebDriver found element by locator -->By.xpath: //a[text()=' Log in ']
14:09:33.895 INFO  manager.MyListener - WebDriver start element --> By.xpath: //input[@id='email']
14:09:33.907 INFO  manager.MyListener - WebDriver found element by locator -->By.xpath: //input[@id='email']
14:09:34.431 INFO  manager.MyListener - WebDriver start element --> By.xpath: //input[@id='password']
14:09:34.440 INFO  manager.MyListener - WebDriver found element by locator -->By.xpath: //input[@id='password']
14:09:34.961 INFO  manager.MyListener - WebDriver start element --> By.xpath: //button[@type='submit']
14:09:34.961 INFO  manager.MyListener - WebDriver found element by locator -->By.xpath: //button[@type='submit']
14:09:34.977 INFO  manager.MyListener - WebDriver start element --> By.xpath: //button[@type='submit']
14:09:34.993 INFO  manager.MyListener - WebDriver found element by locator -->By.xpath: //button[@type='submit']
14:09:37.035 INFO  manager.MyListener - WebDriver start element --> By.cssSelector: div.dialog-container
14:09:37.035 INFO  manager.MyListener - WebDriver found element by locator -->By.cssSelector: div.dialog-container
14:09:37.050 INFO  manager.MyListener - WebDriver start element --> By.cssSelector: div.dialog-container h1
14:09:37.063 INFO  manager.MyListener - WebDriver found element by locator -->By.cssSelector: div.dialog-container h1
14:09:37.066 INFO  manager.HelperBase - We get the 'message': Logged in
14:09:37.082 INFO  manager.MyListener - WebDriver start element --> By.xpath: //button[text()='Ok']
14:09:37.082 INFO  manager.MyListener - WebDriver found element by locator -->By.xpath: //button[text()='Ok']
14:09:37.117 INFO  tests.BaseTests - Started method with name: public void tests.TestsLogin.loginSuccessDP(models.User)
14:09:37.126 INFO  manager.MyListener - WebDriver start element --> By.xpath: //a[text()=' Logout ']
14:09:37.136 INFO  manager.MyListener - WebDriver found element by locator -->By.xpath: //a[text()=' Logout ']
14:09:37.185 INFO  tests.BaseTests - Test start with logout
14:09:37.187 INFO  tests.BaseTests - Test start with email: monalisa1@gmail.com and password:020985$Max
14:09:37.187 INFO  manager.MyListener - WebDriver start element --> By.xpath: //a[text()=' Log in ']
14:09:37.205 INFO  manager.MyListener - WebDriver found element by locator -->By.xpath: //a[text()=' Log in ']
14:09:37.254 INFO  manager.MyListener - WebDriver start element --> By.id: email
14:09:37.269 INFO  manager.MyListener - WebDriver found element by locator -->By.id: email
14:09:37.395 INFO  manager.MyListener - WebDriver start element --> By.id: password
14:09:37.408 INFO  manager.MyListener - WebDriver found element by locator -->By.id: password
14:09:37.495 INFO  manager.MyListener - WebDriver start element --> By.xpath: //button[@type='submit']
14:09:37.508 INFO  manager.MyListener - WebDriver found element by locator -->By.xpath: //button[@type='submit']
14:09:37.527 INFO  manager.MyListener - WebDriver start element --> By.xpath: //button[@type='submit']
14:09:37.537 INFO  manager.MyListener - WebDriver found element by locator -->By.xpath: //button[@type='submit']
14:09:39.574 INFO  manager.MyListener - WebDriver start element --> By.cssSelector: div.dialog-container
14:09:39.590 INFO  manager.MyListener - WebDriver found element by locator -->By.cssSelector: div.dialog-container
14:09:39.606 INFO  manager.MyListener - WebDriver start element --> By.cssSelector: div.dialog-container h1
14:09:39.621 INFO  manager.MyListener - WebDriver found element by locator -->By.cssSelector: div.dialog-container h1
14:09:39.637 INFO  manager.HelperBase - We get the 'message': Logged in
14:09:39.637 INFO  tests.BaseTests - Test passed
14:09:39.637 INFO  manager.MyListener - WebDriver start element --> By.xpath: //button[text()='Ok']
14:09:39.652 INFO  manager.MyListener - WebDriver found element by locator -->By.xpath: //button[text()='Ok']
14:09:39.682 INFO  tests.BaseTests - Started method with name: public void tests.TestsLogin.loginSuccessDP(models.User)
14:09:39.693 INFO  manager.MyListener - WebDriver start element --> By.xpath: //a[text()=' Logout ']
14:09:39.704 INFO  manager.MyListener - WebDriver found element by locator -->By.xpath: //a[text()=' Logout ']
14:09:39.747 INFO  tests.BaseTests - Test start with logout
14:09:39.748 INFO  tests.BaseTests - Test start with email: monalisa2@gmail.com and password:020985$Max
14:09:39.748 INFO  manager.MyListener - WebDriver start element --> By.xpath: //a[text()=' Log in ']
14:09:39.760 INFO  manager.MyListener - WebDriver found element by locator -->By.xpath: //a[text()=' Log in ']
14:09:39.817 INFO  manager.MyListener - WebDriver start element --> By.id: email
14:09:39.827 INFO  manager.MyListener - WebDriver found element by locator -->By.id: email
14:09:39.937 INFO  manager.MyListener - WebDriver start element --> By.id: password
14:09:39.946 INFO  manager.MyListener - WebDriver found element by locator -->By.id: password
14:09:40.035 INFO  manager.MyListener - WebDriver start element --> By.xpath: //button[@type='submit']
14:09:40.044 INFO  manager.MyListener - WebDriver found element by locator -->By.xpath: //button[@type='submit']
14:09:40.066 INFO  manager.MyListener - WebDriver start element --> By.xpath: //button[@type='submit']
14:09:40.077 INFO  manager.MyListener - WebDriver found element by locator -->By.xpath: //button[@type='submit']
14:09:42.112 INFO  manager.MyListener - WebDriver start element --> By.cssSelector: div.dialog-container
14:09:42.128 INFO  manager.MyListener - WebDriver found element by locator -->By.cssSelector: div.dialog-container
14:09:42.128 INFO  manager.MyListener - WebDriver start element --> By.cssSelector: div.dialog-container h1
14:09:42.143 INFO  manager.MyListener - WebDriver found element by locator -->By.cssSelector: div.dialog-container h1
14:09:42.143 INFO  manager.HelperBase - We get the 'message': Logged in
14:09:42.143 INFO  tests.BaseTests - Test passed
14:09:42.159 INFO  manager.MyListener - WebDriver start element --> By.xpath: //button[text()='Ok']
14:09:42.174 INFO  manager.MyListener - WebDriver found element by locator -->By.xpath: //button[text()='Ok']
14:09:42.200 INFO  tests.BaseTests - Started method with name: public void tests.TestsLogin.loginSuccessDP(models.User)
14:09:42.210 INFO  manager.MyListener - WebDriver start element --> By.xpath: //a[text()=' Logout ']
14:09:42.220 INFO  manager.MyListener - WebDriver found element by locator -->By.xpath: //a[text()=' Logout ']
14:09:42.264 INFO  tests.BaseTests - Test start with logout
14:09:42.265 INFO  tests.BaseTests - Test start with email: monalisa3@gmail.com and password:020985$Max
14:09:42.265 INFO  manager.MyListener - WebDriver start element --> By.xpath: //a[text()=' Log in ']
14:09:42.276 INFO  manager.MyListener - WebDriver found element by locator -->By.xpath: //a[text()=' Log in ']
14:09:42.337 INFO  manager.MyListener - WebDriver start element --> By.id: email
14:09:42.349 INFO  manager.MyListener - WebDriver found element by locator -->By.id: email
14:09:42.459 INFO  manager.MyListener - WebDriver start element --> By.id: password
14:09:42.470 INFO  manager.MyListener - WebDriver found element by locator -->By.id: password
14:09:42.559 INFO  manager.MyListener - WebDriver start element --> By.xpath: //button[@type='submit']
14:09:42.570 INFO  manager.MyListener - WebDriver found element by locator -->By.xpath: //button[@type='submit']
14:09:42.589 INFO  manager.MyListener - WebDriver start element --> By.xpath: //button[@type='submit']
14:09:42.599 INFO  manager.MyListener - WebDriver found element by locator -->By.xpath: //button[@type='submit']
14:09:44.633 INFO  manager.MyListener - WebDriver start element --> By.cssSelector: div.dialog-container
14:09:44.648 INFO  manager.MyListener - WebDriver found element by locator -->By.cssSelector: div.dialog-container
14:09:44.648 INFO  manager.MyListener - WebDriver start element --> By.cssSelector: div.dialog-container h1
14:09:44.664 INFO  manager.MyListener - WebDriver found element by locator -->By.cssSelector: div.dialog-container h1
14:09:44.664 INFO  manager.HelperBase - We get the 'message': Logged in
14:09:44.664 INFO  tests.BaseTests - Test passed
14:09:44.683 INFO  manager.MyListener - WebDriver start element --> By.xpath: //button[text()='Ok']
14:09:44.683 INFO  manager.MyListener - WebDriver found element by locator -->By.xpath: //button[text()='Ok']
