22:45:50.440 INFO  manager.ApplicationManager - All tests run in chrome browser
22:45:53.948 INFO  manager.ApplicationManager - Current Url___>https://ilcarro-1578153671498.web.app/search
22:45:53.970 INFO  tests.BaseTests - Started method with name: public void tests.TestsLogin.loginSuccess()
22:45:59.002 INFO  tests.BaseTests - Test start with email: 'katermax07@mail.ru' and password: 'Rr020985$'
22:45:59.002 INFO  manager.MyListener - WebDriver start element --> By.xpath: //a[text()=' Log in ']
22:45:59.018 INFO  manager.MyListener - WebDriver found element by locator -->By.xpath: //a[text()=' Log in ']
22:45:59.106 INFO  manager.MyListener - WebDriver start element --> By.xpath: //input[@id='email']
22:45:59.116 INFO  manager.MyListener - WebDriver found element by locator -->By.xpath: //input[@id='email']
22:45:59.726 INFO  manager.MyListener - WebDriver start element --> By.xpath: //input[@id='password']
22:45:59.757 INFO  manager.MyListener - WebDriver found element by locator -->By.xpath: //input[@id='password']
22:46:00.244 INFO  manager.MyListener - WebDriver start element --> By.xpath: //button[@type='submit']
22:46:00.261 INFO  manager.MyListener - WebDriver found element by locator -->By.xpath: //button[@type='submit']
22:46:00.292 INFO  manager.MyListener - WebDriver start element --> By.xpath: //button[@type='submit']
22:46:00.292 INFO  manager.MyListener - WebDriver found element by locator -->By.xpath: //button[@type='submit']
22:46:02.351 INFO  manager.MyListener - WebDriver start element --> By.cssSelector: div.dialog-container
22:46:02.366 INFO  manager.MyListener - WebDriver found element by locator -->By.cssSelector: div.dialog-container
22:46:02.382 INFO  manager.MyListener - WebDriver start element --> By.cssSelector: div.dialog-container h1
22:46:02.398 INFO  manager.MyListener - WebDriver found element by locator -->By.cssSelector: div.dialog-container h1
22:46:02.413 INFO  manager.HelperBase - We get the 'message': Logged in
22:46:02.413 INFO  tests.BaseTests - Test passed
22:46:02.429 INFO  manager.MyListener - WebDriver start element --> By.xpath: //button[text()='Ok']
22:46:02.445 INFO  manager.MyListener - WebDriver found element by locator -->By.xpath: //button[text()='Ok']
