15:46:49.072 INFO  manager.ApplicationManager - All tests run in chrome browser
15:46:52.605 INFO  manager.ApplicationManager - Current Url___>https://ilcarro-1578153671498.web.app/search
15:46:52.636 INFO  tests.BaseTests - Started method with name: public void tests.SearchTests.searchPeriodPast()
15:46:52.638 INFO  manager.MyListener - WebDriver start element --> By.id: city
15:46:52.661 INFO  manager.MyListener - WebDriver found element by locator -->By.id: city
15:46:53.319 INFO  manager.MyListener - WebDriver start element --> By.cssSelector: .pac-item
15:46:53.340 INFO  manager.MyListener - WebDriver found element by locator -->By.cssSelector: .pac-item
15:46:53.388 INFO  manager.MyListener - WebDriver start element --> By.id: city
15:46:53.409 INFO  manager.MyListener - WebDriver found element by locator -->By.id: city
15:46:53.452 INFO  manager.MyListener - WebDriver start element --> By.id: dates
15:46:53.475 INFO  manager.MyListener - WebDriver found element by locator -->By.id: dates
15:46:53.502 INFO  manager.MyListener - WebDriver start element --> By.id: dates
15:46:53.518 INFO  manager.MyListener - WebDriver found element by locator -->By.id: dates
15:46:54.712 INFO  manager.MyListener - WebDriver start element --> By.cssSelector: .logo
15:46:54.736 INFO  manager.MyListener - WebDriver found element by locator -->By.cssSelector: .logo
15:46:55.831 INFO  manager.MyListener - The name of method with error: click
15:46:55.834 INFO  manager.MyListener - We have a problem: org.openqa.selenium.ElementClickInterceptedException: element click intercepted: Element <a _ngcontent-fgp-c25="" href="/" class="logo">...</a> is not clickable at point (220, 34). Other element would receive the click: <button mat-button="" type="button" cdkarialive="polite" class="mat-focus-indicator mat-calendar-period-button mat-button mat-button-base" aria-label="Choose month and year">...</button>
  (Session info: chrome=103.0.5060.114)
Build info: version: '4.2.2', revision: '683ccb65d6'
System info: host: 'LAPTOP-S8MI6IBE', ip: '192.168.1.14', os.name: 'Windows 11', os.arch: 'amd64', os.version: '10.0', java.version: '11.0.15.1'
Driver info: org.openqa.selenium.chrome.ChromeDriver
Command: [e7c4f892f24c48b1a8b865ac4b3d6be1, clickElement {id=dfbd9f38-5eb5-45fd-b72e-238791b9b329}]
Capabilities {acceptInsecureCerts: false, browserName: chrome, browserVersion: 103.0.5060.114, chrome: {chromedriverVersion: 103.0.5060.53 (a1711811edd7..., userDataDir: C:\Users\97254\AppData\Loca...}, goog:chromeOptions: {debuggerAddress: localhost:55644}, networkConnectionEnabled: false, pageLoadStrategy: normal, platformName: WINDOWS, proxy: Proxy(), se:cdp: ws://localhost:55644/devtoo..., se:cdpVersion: 103.0.5060.114, setWindowRect: true, strictFileInteractability: false, timeouts: {implicit: 0, pageLoad: 300000, script: 30000}, unhandledPromptBehavior: dismiss and notify, webauthn:extension:credBlob: true, webauthn:extension:largeBlob: true, webauthn:virtualAuthenticators: true}
Element: [[ChromeDriver: chrome on WINDOWS (e7c4f892f24c48b1a8b865ac4b3d6be1)] -> css selector: .logo]
Session ID: e7c4f892f24c48b1a8b865ac4b3d6be1
