19:43:37.694 INFO  manager.ApplicationManager - All tests run in chrome browser
19:43:41.002 INFO  manager.ApplicationManager - Current Url___>https://ilcarro-1578153671498.web.app/search
19:43:41.025 INFO  tests.BaseTests - Started method with name: public void tests.TestsLogin.loginSuccess()
19:43:46.080 INFO  tests.BaseTests - Test start with email: 'katermax07@mail.ru' and password: 'Rr020985$'
19:43:46.081 INFO  manager.MyListener - WebDriver start element --> By.xpath: //a[text()=' Log in ']
19:43:46.104 INFO  manager.MyListener - WebDriver found element by locator -->By.xpath: //a[text()=' Log in ']
19:43:46.184 INFO  manager.MyListener - WebDriver start element --> By.xpath: //input[@id='email']
19:43:46.204 INFO  manager.MyListener - WebDriver found element by locator -->By.xpath: //input[@id='email']
19:43:46.318 INFO  manager.MyListener - WebDriver start element --> By.xpath: //input[@id='password']
19:43:46.339 INFO  manager.MyListener - WebDriver found element by locator -->By.xpath: //input[@id='password']
19:43:46.639 INFO  manager.MyListener - WebDriver start element --> By.xpath: //button[@type='submit']
19:43:46.660 INFO  manager.MyListener - WebDriver found element by locator -->By.xpath: //button[@type='submit']
19:43:46.711 INFO  manager.MyListener - WebDriver start element --> By.xpath: //button[@type='submit']
19:43:46.728 INFO  manager.MyListener - WebDriver found element by locator -->By.xpath: //button[@type='submit']
19:43:48.775 INFO  manager.MyListener - WebDriver start element --> By.cssSelector: div.dialog-container
19:43:48.815 INFO  manager.MyListener - WebDriver found element by locator -->By.cssSelector: div.dialog-container
19:43:48.831 INFO  manager.MyListener - WebDriver start element --> By.cssSelector: div.dialog-container h1
19:43:48.847 INFO  manager.MyListener - WebDriver found element by locator -->By.cssSelector: div.dialog-container h1
19:43:48.860 INFO  manager.HelperBase - Message is: Logged in
19:43:48.862 INFO  tests.BaseTests - Test passed
19:43:48.880 INFO  manager.MyListener - WebDriver start element --> By.xpath: //button[text()='Ok']
19:43:48.897 INFO  manager.MyListener - WebDriver found element by locator -->By.xpath: //button[text()='Ok']
