14:07:12.951 INFO  manager.ApplicationManager - All tests run in chrome browser
14:07:14.914 INFO  manager.ApplicationManager - Current Url___>https://ilcarro-1578153671498.web.app/search
14:07:14.944 INFO  tests.BaseTests - Started method with name: public void tests.RegistrationTests.registrationSuccess2(models.User)
14:07:19.996 INFO  manager.MyListener - WebDriver start element --> By.xpath: //a[text()=' Sign up ']
14:07:20.021 INFO  manager.MyListener - WebDriver found element by locator -->By.xpath: //a[text()=' Sign up ']
14:07:20.077 INFO  manager.MyListener - WebDriver start element --> By.id: name
14:07:20.096 INFO  manager.MyListener - WebDriver found element by locator -->By.id: name
14:07:20.211 INFO  manager.MyListener - WebDriver start element --> By.id: lastName
14:07:20.233 INFO  manager.MyListener - WebDriver found element by locator -->By.id: lastName
14:07:20.317 INFO  manager.MyListener - WebDriver start element --> By.id: email
14:07:20.336 INFO  manager.MyListener - WebDriver found element by locator -->By.id: email
14:07:20.456 INFO  manager.MyListener - WebDriver start element --> By.id: password
14:07:20.475 INFO  manager.MyListener - WebDriver found element by locator -->By.id: password
14:07:20.573 INFO  manager.MyListener - WebDriver start element --> By.cssSelector: label[for='terms-of-use']
14:07:20.590 INFO  manager.MyListener - WebDriver found element by locator -->By.cssSelector: label[for='terms-of-use']
14:07:20.748 INFO  manager.MyListener - WebDriver start element --> By.xpath: //button[@type='submit']
14:07:20.772 INFO  manager.MyListener - WebDriver found element by locator -->By.xpath: //button[@type='submit']
14:07:20.811 INFO  manager.MyListener - WebDriver start element --> By.xpath: //button[@type='submit']
14:07:20.829 INFO  manager.MyListener - WebDriver found element by locator -->By.xpath: //button[@type='submit']
14:07:22.880 INFO  manager.MyListener - WebDriver start element --> By.cssSelector: div.dialog-container
14:07:22.902 INFO  manager.MyListener - WebDriver found element by locator -->By.cssSelector: div.dialog-container
14:07:22.917 INFO  manager.MyListener - WebDriver start element --> By.cssSelector: div.dialog-container h1
14:07:22.932 INFO  manager.MyListener - WebDriver found element by locator -->By.cssSelector: div.dialog-container h1
14:07:22.947 INFO  manager.HelperBase - We get the 'message': Registered
14:07:22.962 INFO  manager.MyListener - WebDriver start element --> By.xpath: //button[text()='Ok']
14:07:22.984 INFO  manager.MyListener - WebDriver found element by locator -->By.xpath: //button[text()='Ok']
14:07:23.011 INFO  tests.BaseTests - Started method with name: public void tests.RegistrationTests.registrationSuccess2(models.User)
14:07:23.025 INFO  manager.MyListener - WebDriver start element --> By.xpath: //a[text()=' Logout ']
14:07:23.040 INFO  manager.MyListener - WebDriver found element by locator -->By.xpath: //a[text()=' Logout ']
14:07:23.172 INFO  manager.MyListener - WebDriver start element --> By.xpath: //a[text()=' Sign up ']
14:07:23.188 INFO  manager.MyListener - WebDriver found element by locator -->By.xpath: //a[text()=' Sign up ']
14:07:23.234 INFO  manager.MyListener - WebDriver start element --> By.id: name
14:07:23.250 INFO  manager.MyListener - WebDriver found element by locator -->By.id: name
14:07:23.355 INFO  manager.MyListener - WebDriver start element --> By.id: lastName
14:07:23.369 INFO  manager.MyListener - WebDriver found element by locator -->By.id: lastName
14:07:23.460 INFO  manager.MyListener - WebDriver start element --> By.id: email
14:07:23.474 INFO  manager.MyListener - WebDriver found element by locator -->By.id: email
14:07:23.584 INFO  manager.MyListener - WebDriver start element --> By.id: password
14:07:23.598 INFO  manager.MyListener - WebDriver found element by locator -->By.id: password
14:07:23.690 INFO  manager.MyListener - WebDriver start element --> By.cssSelector: label[for='terms-of-use']
14:07:23.703 INFO  manager.MyListener - WebDriver found element by locator -->By.cssSelector: label[for='terms-of-use']
14:07:23.847 INFO  manager.MyListener - WebDriver start element --> By.xpath: //button[@type='submit']
14:07:23.862 INFO  manager.MyListener - WebDriver found element by locator -->By.xpath: //button[@type='submit']
14:07:23.887 INFO  manager.MyListener - WebDriver start element --> By.xpath: //button[@type='submit']
14:07:23.902 INFO  manager.MyListener - WebDriver found element by locator -->By.xpath: //button[@type='submit']
14:07:25.940 INFO  manager.MyListener - WebDriver start element --> By.cssSelector: div.dialog-container
14:07:25.947 INFO  manager.MyListener - WebDriver found element by locator -->By.cssSelector: div.dialog-container
14:07:25.962 INFO  manager.MyListener - WebDriver start element --> By.cssSelector: div.dialog-container h1
14:07:25.972 INFO  manager.MyListener - WebDriver found element by locator -->By.cssSelector: div.dialog-container h1
14:07:25.984 INFO  manager.HelperBase - We get the 'message': Registered
14:07:25.997 INFO  manager.MyListener - WebDriver start element --> By.xpath: //button[text()='Ok']
14:07:26.007 INFO  manager.MyListener - WebDriver found element by locator -->By.xpath: //button[text()='Ok']
14:07:26.035 INFO  tests.BaseTests - Started method with name: public void tests.RegistrationTests.registrationSuccess2(models.User)
14:07:26.048 INFO  manager.MyListener - WebDriver start element --> By.xpath: //a[text()=' Logout ']
14:07:26.061 INFO  manager.MyListener - WebDriver found element by locator -->By.xpath: //a[text()=' Logout ']
14:07:26.187 INFO  manager.MyListener - WebDriver start element --> By.xpath: //a[text()=' Sign up ']
14:07:26.201 INFO  manager.MyListener - WebDriver found element by locator -->By.xpath: //a[text()=' Sign up ']
14:07:26.244 INFO  manager.MyListener - WebDriver start element --> By.id: name
14:07:26.262 INFO  manager.MyListener - WebDriver found element by locator -->By.id: name
14:07:26.366 INFO  manager.MyListener - WebDriver start element --> By.id: lastName
14:07:26.380 INFO  manager.MyListener - WebDriver found element by locator -->By.id: lastName
14:07:26.469 INFO  manager.MyListener - WebDriver start element --> By.id: email
14:07:26.483 INFO  manager.MyListener - WebDriver found element by locator -->By.id: email
14:07:26.596 INFO  manager.MyListener - WebDriver start element --> By.id: password
14:07:26.609 INFO  manager.MyListener - WebDriver found element by locator -->By.id: password
14:07:26.709 INFO  manager.MyListener - WebDriver start element --> By.cssSelector: label[for='terms-of-use']
14:07:26.723 INFO  manager.MyListener - WebDriver found element by locator -->By.cssSelector: label[for='terms-of-use']
14:07:26.904 INFO  manager.MyListener - WebDriver start element --> By.xpath: //button[@type='submit']
14:07:26.941 INFO  manager.MyListener - WebDriver found element by locator -->By.xpath: //button[@type='submit']
14:07:26.969 INFO  manager.MyListener - WebDriver start element --> By.xpath: //button[@type='submit']
14:07:26.983 INFO  manager.MyListener - WebDriver found element by locator -->By.xpath: //button[@type='submit']
14:07:29.024 INFO  manager.MyListener - WebDriver start element --> By.cssSelector: div.dialog-container
14:07:29.073 INFO  manager.MyListener - WebDriver found element by locator -->By.cssSelector: div.dialog-container
14:07:29.090 INFO  manager.MyListener - WebDriver start element --> By.cssSelector: div.dialog-container h1
14:07:29.100 INFO  manager.MyListener - WebDriver found element by locator -->By.cssSelector: div.dialog-container h1
14:07:29.111 INFO  manager.HelperBase - We get the 'message': Registered
14:07:29.122 INFO  manager.MyListener - WebDriver start element --> By.xpath: //button[text()='Ok']
14:07:29.132 INFO  manager.MyListener - WebDriver found element by locator -->By.xpath: //button[text()='Ok']
